epoch 0> loss:0.16050858795642853, accuracy:0.841253887772144
Validation Loss: 0.09925042146482192, Validation Accuracy: 0.9761580926474118%
epoch 0> loss:0.004463357850909233, accuracy:0.9766624040920716
Validation Loss: 0.09925042146482192, Validation Accuracy: 0.9761580926474118
Accuracy: 0.977,Recall: 0.977,Precision: 0.979,F1-score: 0.976
epoch 1> loss:0.44368302822113037, accuracy:0.9571119978398488
epoch 2> loss:0.006052765529602766, accuracy:0.9706029422059544
epoch 3> loss:0.004338008817285299, accuracy:0.9772434070384927
epoch 4> loss:0.06996109336614609, accuracy:0.9805836408548598
epoch 5> loss:0.0006086000939831138, accuracy:0.9830238116668166
Validation Loss: 0.03261019951188908, Validation Accuracy: 0.9923993919513561%
epoch 5> loss:5.415407940745354e-05, accuracy:0.9927269820971867
Validation Loss: 0.03261019951188908, Validation Accuracy: 0.9923993919513561
Accuracy: 0.993,Recall: 0.993,Precision: 0.994,F1-score: 0.993
epoch 6> loss:0.04450509324669838, accuracy:0.9847589331253188
epoch 7> loss:0.16507184505462646, accuracy:0.9861540307821548
epoch 8> loss:0.015540048480033875, accuracy:0.986944086086026
epoch 9> loss:0.21148067712783813, accuracy:0.9878141469902894
epoch 10> loss:0.06487991660833359, accuracy:0.9885041952936705
Validation Loss: 0.030303620384201035, Validation Accuracy: 0.9932394591567325%
epoch 10> loss:2.6821974188351305e-06, accuracy:0.9943654092071611
Validation Loss: 0.030303620384201035, Validation Accuracy: 0.9932394591567325
Accuracy: 0.994,Recall: 0.994,Precision: 0.996,F1-score: 0.995
epoch 11> loss:0.1859266459941864, accuracy:0.9893342533977378
epoch 12> loss:8.281225018436089e-05, accuracy:0.9903093216525157
epoch 13> loss:0.053056877106428146, accuracy:0.9904093286530057
epoch 14> loss:0.0032636031974107027, accuracy:0.9905993419539367
epoch 15> loss:0.005256847478449345, accuracy:0.9912143850069505
Validation Loss: 0.026025706912265485, Validation Accuracy: 0.9944795583646692%
epoch 15> loss:0.0, accuracy:0.9948449488491049
Validation Loss: 0.026025706912265485, Validation Accuracy: 0.9944795583646692
Accuracy: 0.995,Recall: 0.995,Precision: 0.996,F1-score: 0.995
epoch 16> loss:0.00040172215085476637, accuracy:0.991439400758053
epoch 17> loss:0.011251581832766533, accuracy:0.9918144270098906
epoch 18> loss:0.008185788057744503, accuracy:0.9921894532617284
epoch 19> loss:0.00010251134517602623, accuracy:0.9923544648125369
epoch 20> loss:0.002453471999615431, accuracy:0.9924794735631495
Validation Loss: 0.027354344236530912, Validation Accuracy: 0.9942795423633891%
epoch 20> loss:0.0, accuracy:0.9948049872122762
Validation Loss: 0.027354344236530912, Validation Accuracy: 0.9942795423633891
Accuracy: 0.995,Recall: 0.995,Precision: 0.996,F1-score: 0.995
epoch 21> loss:0.00021491519873961806, accuracy:0.9924244697128799
epoch 22> loss:3.358865433256142e-05, accuracy:0.9922744592121449
epoch 23> loss:2.9616283427458256e-05, accuracy:0.9929645075155261
epoch 24> loss:0.00032766576623544097, accuracy:0.9930295120658446
epoch 25> loss:0.0020144868176430464, accuracy:0.9935195463682458
Validation Loss: 0.026854600443661523, Validation Accuracy: 0.9945995679654372%
epoch 25> loss:0.0, accuracy:0.9953644501278772
Validation Loss: 0.026854600443661523, Validation Accuracy: 0.9945995679654372
Accuracy: 0.995,Recall: 0.995,Precision: 0.995,F1-score: 0.995
epoch 26> loss:1.6992507880786434e-05, accuracy:0.9937095596691768
epoch 27> loss:0.0013298961566761136, accuracy:0.9932295260668247
epoch 28> loss:0.00017686767387203872, accuracy:0.9937145600192013
epoch 29> loss:0.04389230161905289, accuracy:0.9938595701699119
