epoch 0> loss:0.0317516066133976, accuracy:0.8871771023971678
Validation Loss: 0.07591259667484324, Validation Accuracy: 0.9831186494919594%
epoch 0> loss:0.01384765189141035, accuracy:0.9850714742418707
Validation Loss: 0.07591259667484324, Validation Accuracy: 0.9831186494919594
Accuracy: 0.985,Recall: 0.985,Precision: 0.987,F1-score: 0.985
epoch 0> loss:0.0264291949570179, accuracy:0.8869870890962367
Validation Loss: 0.39975811958865587, Validation Accuracy: 0.8955916473317865%
epoch 0> loss:1.624551773071289, accuracy:0.8948609335038363
Validation Loss: 0.39975811958865587, Validation Accuracy: 0.8955916473317865
Accuracy: 0.895,Recall: 0.895,Precision: 0.903,F1-score: 0.893
epoch 1> loss:0.17075006663799286, accuracy:0.9843189023231627
epoch 2> loss:0.15770979225635529, accuracy:0.9895692698488894
epoch 3> loss:0.003474437166005373, accuracy:0.9917244207094497
epoch 4> loss:0.02950417250394821, accuracy:0.9933545348174372
epoch 5> loss:0.001595816109329462, accuracy:0.9942145950216515
Validation Loss: 0.029813214841730776, Validation Accuracy: 0.9925994079526362%
epoch 5> loss:0.00013442413182929158, accuracy:0.9929267902813299
Validation Loss: 0.029813214841730776, Validation Accuracy: 0.9925994079526362
Accuracy: 0.993,Recall: 0.993,Precision: 0.994,F1-score: 0.993
epoch 6> loss:0.0009886635234579444, accuracy:0.9952746692268459
epoch 7> loss:0.0007515631150454283, accuracy:0.9960097206804477
epoch 8> loss:0.00029803154757246375, accuracy:0.9965597591831428
epoch 9> loss:0.0028370015788823366, accuracy:0.9969247847349314
epoch 10> loss:0.00010293781815562397, accuracy:0.9974098186873082
Validation Loss: 0.02729035241499916, Validation Accuracy: 0.9941195295623649%
epoch 10> loss:3.0395895009860396e-05, accuracy:0.993925831202046
Validation Loss: 0.02729035241499916, Validation Accuracy: 0.9941195295623649
Accuracy: 0.994,Recall: 0.994,Precision: 0.995,F1-score: 0.994
epoch 11> loss:0.0012162781786173582, accuracy:0.9976898382886802
epoch 12> loss:0.009940571151673794, accuracy:0.9980448631404198
epoch 13> loss:0.014275646768510342, accuracy:0.9981098676907384
epoch 14> loss:0.09015116095542908, accuracy:0.9982798795915714
epoch 15> loss:0.0022794303949922323, accuracy:0.9985899012930906
Validation Loss: 0.029105824435313146, Validation Accuracy: 0.994239539163133%
epoch 15> loss:0.0004161569813732058, accuracy:0.994605179028133
Validation Loss: 0.029105824435313146, Validation Accuracy: 0.994239539163133
Accuracy: 0.995,Recall: 0.995,Precision: 0.995,F1-score: 0.995
epoch 16> loss:3.6879042454529554e-05, accuracy:0.9986999089936296
epoch 17> loss:0.0036506156902760267, accuracy:0.9987449121438501
epoch 18> loss:0.0015830122865736485, accuracy:0.9989049233446341
epoch 19> loss:0.0042655752040445805, accuracy:0.9989149240446831
epoch 20> loss:0.001384071889333427, accuracy:0.9990099306951487
Validation Loss: 0.027599809401552784, Validation Accuracy: 0.994079526362109%
epoch 20> loss:4.569163502310403e-05, accuracy:0.9950047953964194
Validation Loss: 0.027599809401552784, Validation Accuracy: 0.994079526362109
Accuracy: 0.995,Recall: 0.995,Precision: 0.995,F1-score: 0.995
epoch 21> loss:7.973586434673052e-06, accuracy:0.9991449401458102
epoch 22> loss:0.0008444024715572596, accuracy:0.9990799355954917
epoch 23> loss:0.00041259860154241323, accuracy:0.9991149380456632
epoch 24> loss:2.404017550361459e-06, accuracy:0.9992599481963738
epoch 25> loss:6.459578435169533e-05, accuracy:0.9993199523966678
Validation Loss: 0.028122737548170587, Validation Accuracy: 0.9945195615649252%
epoch 25> loss:1.1682106560328975e-05, accuracy:0.994605179028133
Validation Loss: 0.028122737548170587, Validation Accuracy: 0.9945195615649252
Accuracy: 0.995,Recall: 0.995,Precision: 0.995,F1-score: 0.994
epoch 26> loss:0.0004173508787062019, accuracy:0.9993649555468883
epoch 27> loss:0.0007598716765642166, accuracy:0.9993099516966187
epoch 28> loss:0.00036932449438609183, accuracy:0.9994699628974029
epoch 29> loss:6.053239121683873e-05, accuracy:0.9993399537967658
Epoch 0 > loss: 0.03976889327168465, accuracy: 0.8868
Validation Loss: 0.1017, Validation Accuracy: 0.9733
Accuracy: 0.973, Recall: 0.973, Precision: 0.975, F1-score: 0.973
